<?xml version="1.0" encoding="UTF-8" ?>
<testsuite tests="0" failures="0" name="TestSuite" time="0.268" errors="0" skipped="0">
  <properties>
    <property name="java.runtime.name" value="Java(TM) SE Runtime Environment"/>
    <property name="sun.boot.library.path" value="C:\Program Files\Java\jdk1.8.0_45\jre\bin"/>
    <property name="java.vm.version" value="25.45-b02"/>
    <property name="java.vm.vendor" value="Oracle Corporation"/>
    <property name="java.vendor.url" value="http://java.oracle.com/"/>
    <property name="path.separator" value=";"/>
    <property name="java.vm.name" value="Java HotSpot(TM) 64-Bit Server VM"/>
    <property name="file.encoding.pkg" value="sun.io"/>
    <property name="user.script" value=""/>
    <property name="user.country" value="US"/>
    <property name="sun.java.launcher" value="SUN_STANDARD"/>
    <property name="sun.os.patch.level" value="Service Pack 1"/>
    <property name="java.vm.specification.name" value="Java Virtual Machine Specification"/>
    <property name="user.dir" value="D:\Automation\Automation_InSync2.0"/>
    <property name="java.runtime.version" value="1.8.0_45-b15"/>
    <property name="java.awt.graphicsenv" value="sun.awt.Win32GraphicsEnvironment"/>
    <property name="basedir" value="D:\Automation\Automation_InSync2.0"/>
    <property name="java.endorsed.dirs" value="C:\Program Files\Java\jdk1.8.0_45\jre\lib\endorsed"/>
    <property name="os.arch" value="amd64"/>
    <property name="surefire.real.class.path" value="D:\Automation\Automation_InSync2.0\target\surefire\surefirebooter8021441792339231887.jar"/>
    <property name="java.io.tmpdir" value="C:\Users\bgh44937\AppData\Local\Temp\"/>
    <property name="line.separator" value="
"/>
    <property name="java.vm.specification.vendor" value="Oracle Corporation"/>
    <property name="user.variant" value=""/>
    <property name="os.name" value="Windows 7"/>
    <property name="sun.jnu.encoding" value="Cp1252"/>
    <property name="java.library.path" value="C:\Program Files\Java\jdk1.8.0_45\jre\bin;C:\Windows\Sun\Java\bin;C:\Windows\system32;C:\Windows;C:\Program Files\Common Files\Microsoft Shared\Microsoft Online Services;C:\Program Files (x86)\Common Files\Microsoft Shared\Microsoft Online Services;C:\ProgramData\Oracle\Java\javapath;C:\Windows\system32;C:\Windows;C:\Windows\System32\Wbem;C:\Windows\System32\WindowsPowerShell\v1.0\;C:\Program Files\TortoiseSVN\bin;C:\Program Files\Java\jdk1.8.0_45\bin;D:\Automation\apache-maven-3.0.3\bin;;."/>
    <property name="surefire.test.class.path" value="D:\Automation\Automation_InSync2.0\target\test-classes;D:\Automation\Automation_InSync2.0\target\classes;C:\Users\bgh44937\.m2\repository\org\apache\james\apache-mime4j\0.6.1\apache-mime4j-0.6.1.jar;C:\Users\bgh44937\.m2\repository\bsh\bsh\1.3.0\bsh-1.3.0.jar;C:\Users\bgh44937\.m2\repository\cglib\cglib-nodep\2.1_3\cglib-nodep-2.1_3.jar;C:\Users\bgh44937\.m2\repository\commons-codec\commons-codec\1.9\commons-codec-1.9.jar;C:\Users\bgh44937\.m2\repository\commons-collections\commons-collections\3.2.1\commons-collections-3.2.1.jar;C:\Users\bgh44937\.m2\repository\org\apache\commons\commons-exec\1.1\commons-exec-1.1.jar;C:\Users\bgh44937\.m2\repository\commons-io\commons-io\2.4\commons-io-2.4.jar;C:\Users\bgh44937\.m2\repository\commons-jxpath\commons-jxpath\1.3\commons-jxpath-1.3.jar;C:\Users\bgh44937\.m2\repository\org\apache\commons\commons-lang3\3.3.2\commons-lang3-3.3.2.jar;C:\Users\bgh44937\.m2\repository\commons-logging\commons-logging\1.1.3\commons-logging-1.1.3.jar;C:\Users\bgh44937\.m2\repository\net\sourceforge\cssparser\cssparser\0.9.14\cssparser-0.9.14.jar;C:\Users\bgh44937\.m2\repository\com\google\guava\guava\18.0\guava-18.0.jar;C:\Users\bgh44937\.m2\repository\org\hamcrest\hamcrest-core\1.3\hamcrest-core-1.3.jar;C:\Users\bgh44937\.m2\repository\org\hamcrest\hamcrest-library\1.3\hamcrest-library-1.3.jar;C:\Users\bgh44937\.m2\repository\net\sourceforge\htmlunit\htmlunit\2.15\htmlunit-2.15.jar;C:\Users\bgh44937\.m2\repository\org\eclipse\jetty\jetty-websocket\8.1.15.v20140411\jetty-websocket-8.1.15.v20140411.jar;C:\Users\bgh44937\.m2\repository\org\eclipse\jetty\jetty-io\8.1.15.v20140411\jetty-io-8.1.15.v20140411.jar;C:\Users\bgh44937\.m2\repository\org\eclipse\jetty\jetty-http\8.1.15.v20140411\jetty-http-8.1.15.v20140411.jar;C:\Users\bgh44937\.m2\repository\net\sourceforge\htmlunit\htmlunit-core-js\2.15\htmlunit-core-js-2.15.jar;C:\Users\bgh44937\.m2\repository\org\apache\httpcomponents\httpclient\4.3.6\httpclient-4.3.6.jar;C:\Users\bgh44937\.m2\repository\org\apache\httpcomponents\httpcore\4.3.3\httpcore-4.3.3.jar;C:\Users\bgh44937\.m2\repository\org\apache\httpcomponents\httpmime\4.3.6\httpmime-4.3.6.jar;C:\Users\bgh44937\.m2\repository\org\ini4j\ini4j\0.5.2\ini4j-0.5.2.jar;C:\Users\bgh44937\.m2\repository\sshtools\j2ssh-core\0.2.9\j2ssh-core-0.2.9.jar;C:\Users\bgh44937\.m2\repository\jcifs\jcifs\1.3.17\jcifs-1.3.17.jar;C:\Users\bgh44937\.m2\repository\javax\servlet\servlet-api\2.4\servlet-api-2.4.jar;C:\Users\bgh44937\.m2\repository\org\eclipse\jetty\jetty-util\8.1.8.v20121106\jetty-util-8.1.8.v20121106.jar;C:\Users\bgh44937\.m2\repository\net\java\dev\jna\jna\3.4.0\jna-3.4.0.jar;C:\Users\bgh44937\.m2\repository\net\java\dev\jna\platform\3.4.0\platform-3.4.0.jar;C:\Users\bgh44937\.m2\repository\com\jcraft\jsch\0.1.50\jsch-0.1.50.jar;C:\Users\bgh44937\.m2\repository\junit\junit\4.10\junit-4.10.jar;C:\Users\bgh44937\.m2\repository\log4j\log4j\1.2.15\log4j-1.2.15.jar;C:\Users\bgh44937\.m2\repository\javax\mail\mail\1.4\mail-1.4.jar;C:\Users\bgh44937\.m2\repository\javax\activation\activation\1.1\activation-1.1.jar;C:\Users\bgh44937\.m2\repository\javax\jms\jms\1.1\jms-1.1.jar;C:\Users\bgh44937\.m2\repository\com\sun\jdmk\jmxtools\1.2.1\jmxtools-1.2.1.jar;C:\Users\bgh44937\.m2\repository\com\sun\jmx\jmxri\1.2.1\jmxri-1.2.1.jar;C:\Users\bgh44937\.m2\repository\mysql\mysql-connector-java\5.1.2\mysql-connector-java-5.1.2.jar;C:\Users\bgh44937\.m2\repository\net\sourceforge\nekohtml\nekohtml\1.9.21\nekohtml-1.9.21.jar;C:\Users\bgh44937\.m2\repository\io\netty\netty\3.5.7.Final\netty-3.5.7.Final.jar;C:\Users\bgh44937\.m2\repository\net\sf\opencsv\opencsv\1.7\opencsv-1.7.jar;C:\Users\bgh44937\.m2\repository\com\opera\operadriver\1.5\operadriver-1.5.jar;C:\Users\bgh44937\.m2\repository\com\opera\operalaunchers\1.1\operalaunchers-1.1.jar;C:\Users\bgh44937\.m2\repository\com\codeborne\phantomjsdriver\1.2.1\phantomjsdriver-1.2.1.jar;C:\Users\bgh44937\.m2\repository\org\seleniumhq\selenium\selenium-remote-driver\2.44.0\selenium-remote-driver-2.44.0.jar;C:\Users\bgh44937\.m2\repository\com\google\code\gson\gson\2.3\gson-2.3.jar;C:\Users\bgh44937\.m2\repository\org\seleniumhq\selenium\selenium-api\2.44.0\selenium-api-2.44.0.jar;C:\Users\bgh44937\.m2\repository\com\google\protobuf\protobuf-java\2.4.1\protobuf-java-2.4.1.jar;C:\Users\bgh44937\.m2\repository\org\w3c\css\sac\1.3\sac-1.3.jar;C:\Users\bgh44937\.m2\repository\net\sf\saxon\saxon\8.7\saxon-8.7.jar;C:\Users\bgh44937\.m2\repository\org\seleniumhq\selenium\selenium-java\2.45.0\selenium-java-2.45.0.jar;C:\Users\bgh44937\.m2\repository\org\seleniumhq\selenium\selenium-htmlunit-driver\2.45.0\selenium-htmlunit-driver-2.45.0.jar;C:\Users\bgh44937\.m2\repository\org\seleniumhq\selenium\selenium-firefox-driver\2.45.0\selenium-firefox-driver-2.45.0.jar;C:\Users\bgh44937\.m2\repository\org\seleniumhq\selenium\selenium-ie-driver\2.45.0\selenium-ie-driver-2.45.0.jar;C:\Users\bgh44937\.m2\repository\org\seleniumhq\selenium\selenium-safari-driver\2.45.0\selenium-safari-driver-2.45.0.jar;C:\Users\bgh44937\.m2\repository\org\seleniumhq\selenium\selenium-support\2.45.0\selenium-support-2.45.0.jar;C:\Users\bgh44937\.m2\repository\org\webbitserver\webbit\0.4.14\webbit-0.4.14.jar;C:\Users\bgh44937\.m2\repository\org\seleniumhq\selenium\selenium-leg-rc\2.45.0\selenium-leg-rc-2.45.0.jar;C:\Users\bgh44937\.m2\repository\org\seleniumhq\selenium\selenium-server\2.45.0\selenium-server-2.45.0.jar;C:\Users\bgh44937\.m2\repository\org\bouncycastle\bcprov-jdk15on\1.48\bcprov-jdk15on-1.48.jar;C:\Users\bgh44937\.m2\repository\org\bouncycastle\bcpkix-jdk15on\1.48\bcpkix-jdk15on-1.48.jar;C:\Users\bgh44937\.m2\repository\mx4j\mx4j-tools\3.0.1\mx4j-tools-3.0.1.jar;C:\Users\bgh44937\.m2\repository\org\mortbay\jetty\servlet-api-2.5\6.1.9\servlet-api-2.5-6.1.9.jar;C:\Users\bgh44937\.m2\repository\org\seleniumhq\selenium\jetty-repacked\7.6.1\jetty-repacked-7.6.1.jar;C:\Users\bgh44937\.m2\repository\org\seleniumhq\selenium\jetty-rc-repacked\5\jetty-rc-repacked-5.jar;C:\Users\bgh44937\.m2\repository\net\jcip\jcip-annotations\1.0\jcip-annotations-1.0.jar;C:\Users\bgh44937\.m2\repository\org\yaml\snakeyaml\1.8\snakeyaml-1.8.jar;C:\Users\bgh44937\.m2\repository\xalan\serializer\2.7.1\serializer-2.7.1.jar;C:\Users\bgh44937\.m2\repository\org\testng\testng\6.8.5\testng-6.8.5.jar;C:\Users\bgh44937\.m2\repository\org\beanshell\bsh\2.0b4\bsh-2.0b4.jar;C:\Users\bgh44937\.m2\repository\com\beust\jcommander\1.27\jcommander-1.27.jar;C:\Users\bgh44937\.m2\repository\xalan\xalan\2.7.1\xalan-2.7.1.jar;C:\Users\bgh44937\.m2\repository\xerces\xercesImpl\2.11.0\xercesImpl-2.11.0.jar;C:\Users\bgh44937\.m2\repository\xml-apis\xml-apis\1.4.01\xml-apis-1.4.01.jar;C:\Users\bgh44937\.m2\repository\net\sourceforge\jexcelapi\jxl\2.6.12\jxl-2.6.12.jar;C:\Users\bgh44937\.m2\repository\org\apache\poi\poi\3.7\poi-3.7.jar;C:\Users\bgh44937\.m2\repository\org\seleniumhq\selenium\selenium-chrome-driver\2.26.0\selenium-chrome-driver-2.26.0.jar;C:\Users\bgh44937\.m2\repository\org\json\json\20090211\json-20090211.jar;"/>
    <property name="java.specification.name" value="Java Platform API Specification"/>
    <property name="java.class.version" value="52.0"/>
    <property name="sun.management.compiler" value="HotSpot 64-Bit Tiered Compilers"/>
    <property name="os.version" value="6.1"/>
    <property name="user.home" value="C:\Users\bgh44937"/>
    <property name="user.timezone" value="Asia/Calcutta"/>
    <property name="java.awt.printerjob" value="sun.awt.windows.WPrinterJob"/>
    <property name="java.specification.version" value="1.8"/>
    <property name="file.encoding" value="Cp1252"/>
    <property name="user.name" value="bgh44937"/>
    <property name="java.class.path" value="D:\Automation\Automation_InSync2.0\target\test-classes;D:\Automation\Automation_InSync2.0\target\classes;C:\Users\bgh44937\.m2\repository\org\apache\james\apache-mime4j\0.6.1\apache-mime4j-0.6.1.jar;C:\Users\bgh44937\.m2\repository\bsh\bsh\1.3.0\bsh-1.3.0.jar;C:\Users\bgh44937\.m2\repository\cglib\cglib-nodep\2.1_3\cglib-nodep-2.1_3.jar;C:\Users\bgh44937\.m2\repository\commons-codec\commons-codec\1.9\commons-codec-1.9.jar;C:\Users\bgh44937\.m2\repository\commons-collections\commons-collections\3.2.1\commons-collections-3.2.1.jar;C:\Users\bgh44937\.m2\repository\org\apache\commons\commons-exec\1.1\commons-exec-1.1.jar;C:\Users\bgh44937\.m2\repository\commons-io\commons-io\2.4\commons-io-2.4.jar;C:\Users\bgh44937\.m2\repository\commons-jxpath\commons-jxpath\1.3\commons-jxpath-1.3.jar;C:\Users\bgh44937\.m2\repository\org\apache\commons\commons-lang3\3.3.2\commons-lang3-3.3.2.jar;C:\Users\bgh44937\.m2\repository\commons-logging\commons-logging\1.1.3\commons-logging-1.1.3.jar;C:\Users\bgh44937\.m2\repository\net\sourceforge\cssparser\cssparser\0.9.14\cssparser-0.9.14.jar;C:\Users\bgh44937\.m2\repository\com\google\guava\guava\18.0\guava-18.0.jar;C:\Users\bgh44937\.m2\repository\org\hamcrest\hamcrest-core\1.3\hamcrest-core-1.3.jar;C:\Users\bgh44937\.m2\repository\org\hamcrest\hamcrest-library\1.3\hamcrest-library-1.3.jar;C:\Users\bgh44937\.m2\repository\net\sourceforge\htmlunit\htmlunit\2.15\htmlunit-2.15.jar;C:\Users\bgh44937\.m2\repository\org\eclipse\jetty\jetty-websocket\8.1.15.v20140411\jetty-websocket-8.1.15.v20140411.jar;C:\Users\bgh44937\.m2\repository\org\eclipse\jetty\jetty-io\8.1.15.v20140411\jetty-io-8.1.15.v20140411.jar;C:\Users\bgh44937\.m2\repository\org\eclipse\jetty\jetty-http\8.1.15.v20140411\jetty-http-8.1.15.v20140411.jar;C:\Users\bgh44937\.m2\repository\net\sourceforge\htmlunit\htmlunit-core-js\2.15\htmlunit-core-js-2.15.jar;C:\Users\bgh44937\.m2\repository\org\apache\httpcomponents\httpclient\4.3.6\httpclient-4.3.6.jar;C:\Users\bgh44937\.m2\repository\org\apache\httpcomponents\httpcore\4.3.3\httpcore-4.3.3.jar;C:\Users\bgh44937\.m2\repository\org\apache\httpcomponents\httpmime\4.3.6\httpmime-4.3.6.jar;C:\Users\bgh44937\.m2\repository\org\ini4j\ini4j\0.5.2\ini4j-0.5.2.jar;C:\Users\bgh44937\.m2\repository\sshtools\j2ssh-core\0.2.9\j2ssh-core-0.2.9.jar;C:\Users\bgh44937\.m2\repository\jcifs\jcifs\1.3.17\jcifs-1.3.17.jar;C:\Users\bgh44937\.m2\repository\javax\servlet\servlet-api\2.4\servlet-api-2.4.jar;C:\Users\bgh44937\.m2\repository\org\eclipse\jetty\jetty-util\8.1.8.v20121106\jetty-util-8.1.8.v20121106.jar;C:\Users\bgh44937\.m2\repository\net\java\dev\jna\jna\3.4.0\jna-3.4.0.jar;C:\Users\bgh44937\.m2\repository\net\java\dev\jna\platform\3.4.0\platform-3.4.0.jar;C:\Users\bgh44937\.m2\repository\com\jcraft\jsch\0.1.50\jsch-0.1.50.jar;C:\Users\bgh44937\.m2\repository\junit\junit\4.10\junit-4.10.jar;C:\Users\bgh44937\.m2\repository\log4j\log4j\1.2.15\log4j-1.2.15.jar;C:\Users\bgh44937\.m2\repository\javax\mail\mail\1.4\mail-1.4.jar;C:\Users\bgh44937\.m2\repository\javax\activation\activation\1.1\activation-1.1.jar;C:\Users\bgh44937\.m2\repository\javax\jms\jms\1.1\jms-1.1.jar;C:\Users\bgh44937\.m2\repository\com\sun\jdmk\jmxtools\1.2.1\jmxtools-1.2.1.jar;C:\Users\bgh44937\.m2\repository\com\sun\jmx\jmxri\1.2.1\jmxri-1.2.1.jar;C:\Users\bgh44937\.m2\repository\mysql\mysql-connector-java\5.1.2\mysql-connector-java-5.1.2.jar;C:\Users\bgh44937\.m2\repository\net\sourceforge\nekohtml\nekohtml\1.9.21\nekohtml-1.9.21.jar;C:\Users\bgh44937\.m2\repository\io\netty\netty\3.5.7.Final\netty-3.5.7.Final.jar;C:\Users\bgh44937\.m2\repository\net\sf\opencsv\opencsv\1.7\opencsv-1.7.jar;C:\Users\bgh44937\.m2\repository\com\opera\operadriver\1.5\operadriver-1.5.jar;C:\Users\bgh44937\.m2\repository\com\opera\operalaunchers\1.1\operalaunchers-1.1.jar;C:\Users\bgh44937\.m2\repository\com\codeborne\phantomjsdriver\1.2.1\phantomjsdriver-1.2.1.jar;C:\Users\bgh44937\.m2\repository\org\seleniumhq\selenium\selenium-remote-driver\2.44.0\selenium-remote-driver-2.44.0.jar;C:\Users\bgh44937\.m2\repository\com\google\code\gson\gson\2.3\gson-2.3.jar;C:\Users\bgh44937\.m2\repository\org\seleniumhq\selenium\selenium-api\2.44.0\selenium-api-2.44.0.jar;C:\Users\bgh44937\.m2\repository\com\google\protobuf\protobuf-java\2.4.1\protobuf-java-2.4.1.jar;C:\Users\bgh44937\.m2\repository\org\w3c\css\sac\1.3\sac-1.3.jar;C:\Users\bgh44937\.m2\repository\net\sf\saxon\saxon\8.7\saxon-8.7.jar;C:\Users\bgh44937\.m2\repository\org\seleniumhq\selenium\selenium-java\2.45.0\selenium-java-2.45.0.jar;C:\Users\bgh44937\.m2\repository\org\seleniumhq\selenium\selenium-htmlunit-driver\2.45.0\selenium-htmlunit-driver-2.45.0.jar;C:\Users\bgh44937\.m2\repository\org\seleniumhq\selenium\selenium-firefox-driver\2.45.0\selenium-firefox-driver-2.45.0.jar;C:\Users\bgh44937\.m2\repository\org\seleniumhq\selenium\selenium-ie-driver\2.45.0\selenium-ie-driver-2.45.0.jar;C:\Users\bgh44937\.m2\repository\org\seleniumhq\selenium\selenium-safari-driver\2.45.0\selenium-safari-driver-2.45.0.jar;C:\Users\bgh44937\.m2\repository\org\seleniumhq\selenium\selenium-support\2.45.0\selenium-support-2.45.0.jar;C:\Users\bgh44937\.m2\repository\org\webbitserver\webbit\0.4.14\webbit-0.4.14.jar;C:\Users\bgh44937\.m2\repository\org\seleniumhq\selenium\selenium-leg-rc\2.45.0\selenium-leg-rc-2.45.0.jar;C:\Users\bgh44937\.m2\repository\org\seleniumhq\selenium\selenium-server\2.45.0\selenium-server-2.45.0.jar;C:\Users\bgh44937\.m2\repository\org\bouncycastle\bcprov-jdk15on\1.48\bcprov-jdk15on-1.48.jar;C:\Users\bgh44937\.m2\repository\org\bouncycastle\bcpkix-jdk15on\1.48\bcpkix-jdk15on-1.48.jar;C:\Users\bgh44937\.m2\repository\mx4j\mx4j-tools\3.0.1\mx4j-tools-3.0.1.jar;C:\Users\bgh44937\.m2\repository\org\mortbay\jetty\servlet-api-2.5\6.1.9\servlet-api-2.5-6.1.9.jar;C:\Users\bgh44937\.m2\repository\org\seleniumhq\selenium\jetty-repacked\7.6.1\jetty-repacked-7.6.1.jar;C:\Users\bgh44937\.m2\repository\org\seleniumhq\selenium\jetty-rc-repacked\5\jetty-rc-repacked-5.jar;C:\Users\bgh44937\.m2\repository\net\jcip\jcip-annotations\1.0\jcip-annotations-1.0.jar;C:\Users\bgh44937\.m2\repository\org\yaml\snakeyaml\1.8\snakeyaml-1.8.jar;C:\Users\bgh44937\.m2\repository\xalan\serializer\2.7.1\serializer-2.7.1.jar;C:\Users\bgh44937\.m2\repository\org\testng\testng\6.8.5\testng-6.8.5.jar;C:\Users\bgh44937\.m2\repository\org\beanshell\bsh\2.0b4\bsh-2.0b4.jar;C:\Users\bgh44937\.m2\repository\com\beust\jcommander\1.27\jcommander-1.27.jar;C:\Users\bgh44937\.m2\repository\xalan\xalan\2.7.1\xalan-2.7.1.jar;C:\Users\bgh44937\.m2\repository\xerces\xercesImpl\2.11.0\xercesImpl-2.11.0.jar;C:\Users\bgh44937\.m2\repository\xml-apis\xml-apis\1.4.01\xml-apis-1.4.01.jar;C:\Users\bgh44937\.m2\repository\net\sourceforge\jexcelapi\jxl\2.6.12\jxl-2.6.12.jar;C:\Users\bgh44937\.m2\repository\org\apache\poi\poi\3.7\poi-3.7.jar;C:\Users\bgh44937\.m2\repository\org\seleniumhq\selenium\selenium-chrome-driver\2.26.0\selenium-chrome-driver-2.26.0.jar;C:\Users\bgh44937\.m2\repository\org\json\json\20090211\json-20090211.jar;"/>
    <property name="java.vm.specification.version" value="1.8"/>
    <property name="sun.arch.data.model" value="64"/>
    <property name="java.home" value="C:\Program Files\Java\jdk1.8.0_45\jre"/>
    <property name="sun.java.command" value="D:\Automation\Automation_InSync2.0\target\surefire\surefirebooter8021441792339231887.jar D:\Automation\Automation_InSync2.0\target\surefire\surefire6888586060718392359tmp D:\Automation\Automation_InSync2.0\target\surefire\surefire10604228937863057tmp"/>
    <property name="java.specification.vendor" value="Oracle Corporation"/>
    <property name="user.language" value="en"/>
    <property name="awt.toolkit" value="sun.awt.windows.WToolkit"/>
    <property name="java.vm.info" value="mixed mode"/>
    <property name="java.version" value="1.8.0_45"/>
    <property name="java.ext.dirs" value="C:\Program Files\Java\jdk1.8.0_45\jre\lib\ext;C:\Windows\Sun\Java\lib\ext"/>
    <property name="sun.boot.class.path" value="C:\Program Files\Java\jdk1.8.0_45\jre\lib\resources.jar;C:\Program Files\Java\jdk1.8.0_45\jre\lib\rt.jar;C:\Program Files\Java\jdk1.8.0_45\jre\lib\sunrsasign.jar;C:\Program Files\Java\jdk1.8.0_45\jre\lib\jsse.jar;C:\Program Files\Java\jdk1.8.0_45\jre\lib\jce.jar;C:\Program Files\Java\jdk1.8.0_45\jre\lib\charsets.jar;C:\Program Files\Java\jdk1.8.0_45\jre\lib\jfr.jar;C:\Program Files\Java\jdk1.8.0_45\jre\classes"/>
    <property name="java.vendor" value="Oracle Corporation"/>
    <property name="localRepository" value="C:\Users\bgh44937\.m2\repository"/>
    <property name="file.separator" value="\"/>
    <property name="java.vendor.url.bug" value="http://bugreport.sun.com/bugreport/"/>
    <property name="sun.cpu.endian" value="little"/>
    <property name="sun.io.unicode.encoding" value="UnicodeLittle"/>
    <property name="sun.desktop" value="windows"/>
    <property name="sun.cpu.isalist" value="amd64"/>
  </properties>
</testsuite>